<?xml version="1.0" encoding="UTF-8"?>
<testng-results skipped="0" failed="1" ignored="4" total="6" passed="1">
  <reporter-output>
  </reporter-output>
  <suite name="Default suite" duration-ms="17661" started-at="2018-10-05T12:52:41Z" finished-at="2018-10-05T12:52:58Z">
    <groups>
    </groups>
    <test name="Default test" duration-ms="17661" started-at="2018-10-05T12:52:41Z" finished-at="2018-10-05T12:52:58Z">
      <class name="googletests.tests.GooglePageTests">
        <test-method status="PASS" signature="beforeMethod(java.lang.reflect.Method, java.lang.String)[pri:0, instance:googletests.tests.GooglePageTests@42fd8f2f]" name="beforeMethod" is-config="true" duration-ms="4655" started-at="2018-10-05T12:52:42Z" finished-at="2018-10-05T12:52:47Z">
          <params>
            <param index="0">
              <value>
                <![CDATA[public void googletests.tests.GooglePageTests.searchTextDataProvider(java.lang.String,java.lang.String)]]>
              </value>
            </param>
            <param index="1">
              <value>
                <![CDATA[firefox]]>
              </value>
            </param>
          </params>
          <reporter-output>
          </reporter-output>
        </test-method> <!-- beforeMethod -->
        <test-method status="PASS" signature="searchTextDataProvider(java.lang.String, java.lang.String)[pri:5, instance:googletests.tests.GooglePageTests@42fd8f2f]" name="searchTextDataProvider" duration-ms="3171" started-at="2018-10-05T12:52:47Z" description="Search infromation using Googele with dataprovider" data-provider="searchResults" finished-at="2018-10-05T12:52:50Z">
          <params>
            <param index="0">
              <value>
                <![CDATA[Facebook]]>
              </value>
            </param>
            <param index="1">
              <value>
                <![CDATA[6.0]]>
              </value>
            </param>
          </params>
          <reporter-output>
          </reporter-output>
        </test-method> <!-- searchTextDataProvider -->
        <test-method status="PASS" signature="afterMethod()[pri:0, instance:googletests.tests.GooglePageTests@42fd8f2f]" name="afterMethod" is-config="true" duration-ms="699" started-at="2018-10-05T12:52:50Z" finished-at="2018-10-05T12:52:51Z">
          <reporter-output>
          </reporter-output>
        </test-method> <!-- afterMethod -->
        <test-method status="PASS" signature="beforeMethod(java.lang.reflect.Method, java.lang.String)[pri:0, instance:googletests.tests.GooglePageTests@42fd8f2f]" name="beforeMethod" is-config="true" duration-ms="3376" started-at="2018-10-05T12:52:51Z" finished-at="2018-10-05T12:52:54Z">
          <params>
            <param index="0">
              <value>
                <![CDATA[public void googletests.tests.GooglePageTests.searchTextDataProvider(java.lang.String,java.lang.String)]]>
              </value>
            </param>
            <param index="1">
              <value>
                <![CDATA[firefox]]>
              </value>
            </param>
          </params>
          <reporter-output>
          </reporter-output>
        </test-method> <!-- beforeMethod -->
        <test-method status="FAIL" signature="searchTextDataProvider(java.lang.String, java.lang.String)[pri:5, instance:googletests.tests.GooglePageTests@42fd8f2f]" name="searchTextDataProvider" duration-ms="3202" started-at="2018-10-05T12:52:54Z" description="Search infromation using Googele with dataprovider" data-provider="searchResults" finished-at="2018-10-05T12:52:57Z">
          <params>
            <param index="0">
              <value>
                <![CDATA[Microsoft]]>
              </value>
            </param>
            <param index="1">
              <value>
                <![CDATA[6.0]]>
              </value>
            </param>
          </params>
          <exception class="java.lang.AssertionError">
            <message>
              <![CDATA[Not all search results contains text to search expected [true] but found [false]]]>
            </message>
            <full-stacktrace>
              <![CDATA[java.lang.AssertionError: Not all search results contains text to search expected [true] but found [false]
at org.testng.Assert.fail(Assert.java:96)
at org.testng.Assert.failNotEquals(Assert.java:776)
at org.testng.Assert.assertTrue(Assert.java:44)
at googletests.tests.GooglePageTests.searchTextDataProvider(GooglePageTests.java:76)
at sun.reflect.NativeMethodAccessorImpl.invoke0(Native Method)
at sun.reflect.NativeMethodAccessorImpl.invoke(Unknown Source)
at sun.reflect.DelegatingMethodAccessorImpl.invoke(Unknown Source)
at java.lang.reflect.Method.invoke(Unknown Source)
at org.testng.internal.MethodInvocationHelper.invokeMethod(MethodInvocationHelper.java:124)
at org.testng.internal.Invoker.invokeMethod(Invoker.java:580)
at org.testng.internal.Invoker.invokeTestMethod(Invoker.java:716)
at org.testng.internal.Invoker.invokeTestMethods(Invoker.java:988)
at org.testng.internal.TestMethodWorker.invokeTestMethods(TestMethodWorker.java:125)
at org.testng.internal.TestMethodWorker.run(TestMethodWorker.java:109)
at org.testng.TestRunner.privateRun(TestRunner.java:648)
at org.testng.TestRunner.run(TestRunner.java:505)
at org.testng.SuiteRunner.runTest(SuiteRunner.java:455)
at org.testng.SuiteRunner.runSequentially(SuiteRunner.java:450)
at org.testng.SuiteRunner.privateRun(SuiteRunner.java:415)
at org.testng.SuiteRunner.run(SuiteRunner.java:364)
at org.testng.SuiteRunnerWorker.runSuite(SuiteRunnerWorker.java:52)
at org.testng.SuiteRunnerWorker.run(SuiteRunnerWorker.java:84)
at org.testng.TestNG.runSuitesSequentially(TestNG.java:1208)
at org.testng.TestNG.runSuitesLocally(TestNG.java:1137)
at org.testng.TestNG.runSuites(TestNG.java:1049)
at org.testng.TestNG.run(TestNG.java:1017)
at org.testng.remote.AbstractRemoteTestNG.run(AbstractRemoteTestNG.java:114)
at org.testng.remote.RemoteTestNG.initAndRun(RemoteTestNG.java:251)
at org.testng.remote.RemoteTestNG.main(RemoteTestNG.java:77)
]]>
            </full-stacktrace>
          </exception> <!-- java.lang.AssertionError -->
          <reporter-output>
          </reporter-output>
        </test-method> <!-- searchTextDataProvider -->
        <test-method status="PASS" signature="afterMethod()[pri:0, instance:googletests.tests.GooglePageTests@42fd8f2f]" name="afterMethod" is-config="true" duration-ms="816" started-at="2018-10-05T12:52:57Z" finished-at="2018-10-05T12:52:58Z">
          <reporter-output>
          </reporter-output>
        </test-method> <!-- afterMethod -->
      </class> <!-- googletests.tests.GooglePageTests -->
    </test> <!-- Default test -->
  </suite> <!-- Default suite -->
</testng-results>
